<?xml version="1.0" encoding="UTF-8"?>
<robot generator="Robot 4.1.3 (Python 3.10.3 on win32)" generated="20220320 20:41:26.379" rpa="false" schemaversion="2">
<suite id="s1" name="practicaAutomatizacion" source="C:\Users\Gorgellon\Desktop\Github Emiliano\PYTHON-TELE\practica-57\practicaAutomatizacion.robot">
<test id="s1-t1" name="AP001 Verificar que la previsualizacion esta funcionando correctamente a traves del icono del ojo">
<kw name="open Homepage" library="resources" type="SETUP">
<kw name="Open Browser" library="SeleniumLibrary">
<arg>${url}</arg>
<arg>${browser}</arg>
<doc>Opens a new browser instance to the optional ``url``.</doc>
<msg timestamp="20220320 20:41:26.628" level="INFO">Opening browser 'chrome' to base url 'http://automationpractice.com/index.php'.</msg>
<status status="PASS" starttime="20220320 20:41:26.627" endtime="20220320 20:41:31.536"/>
</kw>
<kw name="Get Window Size" library="SeleniumLibrary">
<var>${width}</var>
<var>${height}</var>
<doc>Returns current window width and height as integers.</doc>
<msg timestamp="20220320 20:41:31.542" level="INFO">${width} = 1050</msg>
<msg timestamp="20220320 20:41:31.542" level="INFO">${height} = 840</msg>
<status status="PASS" starttime="20220320 20:41:31.536" endtime="20220320 20:41:31.542"/>
</kw>
<kw name="Set Global Variable" library="BuiltIn">
<arg>${width}</arg>
<doc>Makes a variable available globally in all tests and suites.</doc>
<msg timestamp="20220320 20:41:31.543" level="INFO">${width} = 1050</msg>
<status status="PASS" starttime="20220320 20:41:31.542" endtime="20220320 20:41:31.543"/>
</kw>
<kw name="Set Selenium Speed" library="SeleniumLibrary">
<arg>0.2s</arg>
<doc>Sets the delay that is waited after each Selenium command.</doc>
<status status="PASS" starttime="20220320 20:41:31.543" endtime="20220320 20:41:31.543"/>
</kw>
<status status="PASS" starttime="20220320 20:41:26.627" endtime="20220320 20:41:31.543"/>
</kw>
<if>
<branch type="IF" condition="${width} &gt;= 900">
<kw name="Set Window Size" library="SeleniumLibrary">
<arg>1150</arg>
<arg>800</arg>
<doc>Sets current windows size to given ``width`` and ``height``.</doc>
<status status="PASS" starttime="20220320 20:41:31.544" endtime="20220320 20:41:31.862"/>
</kw>
<status status="PASS" starttime="20220320 20:41:31.544" endtime="20220320 20:41:31.862"/>
</branch>
<status status="PASS" starttime="20220320 20:41:31.544" endtime="20220320 20:41:31.862"/>
</if>
<for flavor="IN">
<var>${data}</var>
<value>@{dataArrays}</value>
<iter>
<var name="${data}">1</var>
<kw name="Wait Until Element Is Visible" library="SeleniumLibrary">
<arg>xpath=//*[@id="homefeatured"]/li[${data}]/div/div[2]/h5/a</arg>
<doc>Waits until the element ``locator`` is visible.</doc>
<status status="PASS" starttime="20220320 20:41:31.863" endtime="20220320 20:41:32.301"/>
</kw>
<kw name="Get Text" library="SeleniumLibrary">
<var>${textTitle}</var>
<arg>xpath=//*[@id="homefeatured"]/li[${data}]/div/div[2]/h5/a</arg>
<doc>Returns the text value of the element identified by ``locator``.</doc>
<msg timestamp="20220320 20:41:32.742" level="INFO">${textTitle} = Faded Short Sleeve T-shirts</msg>
<status status="PASS" starttime="20220320 20:41:32.301" endtime="20220320 20:41:32.742"/>
</kw>
<kw name="Click Element" library="SeleniumLibrary">
<arg>xpath=//*[@id="homefeatured"]/li[${data}]/div/div[1]/div/div[1]/a/i</arg>
<doc>Click the element identified by ``locator``.</doc>
<msg timestamp="20220320 20:41:32.743" level="INFO">Clicking element 'xpath=//*[@id="homefeatured"]/li[1]/div/div[1]/div/div[1]/a/i'.</msg>
<status status="PASS" starttime="20220320 20:41:32.742" endtime="20220320 20:41:33.265"/>
</kw>
<kw name="Select Frame" library="SeleniumLibrary">
<arg>xpath=/html/body/div[2]/div/div/div/div/iframe</arg>
<doc>Sets frame identified by ``locator`` as the current frame.</doc>
<msg timestamp="20220320 20:41:33.265" level="INFO">Selecting frame 'xpath=/html/body/div[2]/div/div/div/div/iframe'.</msg>
<status status="PASS" starttime="20220320 20:41:33.265" endtime="20220320 20:41:35.274"/>
</kw>
<kw name="Wait Until Element Is Visible" library="SeleniumLibrary">
<arg>xpath=//*[@id="product"]/div/div/div[2]/h1</arg>
<doc>Waits until the element ``locator`` is visible.</doc>
<status status="PASS" starttime="20220320 20:41:35.274" endtime="20220320 20:41:35.711"/>
</kw>
<kw name="Element Text Should Be" library="SeleniumLibrary">
<arg>xpath=//*[@id="product"]/div/div/div[2]/h1</arg>
<arg>${textTitle}</arg>
<doc>Verifies that element ``locator`` contains exact the text ``expected``.</doc>
<msg timestamp="20220320 20:41:35.711" level="INFO">Verifying element 'xpath=//*[@id="product"]/div/div/div[2]/h1' contains exact text 'Faded Short Sleeve T-shirts'.</msg>
<status status="PASS" starttime="20220320 20:41:35.711" endtime="20220320 20:41:36.153"/>
</kw>
<kw name="Unselect Frame" library="SeleniumLibrary">
<doc>Sets the main frame as the current frame.</doc>
<status status="PASS" starttime="20220320 20:41:36.153" endtime="20220320 20:41:36.357"/>
</kw>
<kw name="Click Element" library="SeleniumLibrary">
<arg>xpath=//*[@id="index"]/div[2]/div/div/a</arg>
<doc>Click the element identified by ``locator``.</doc>
<msg timestamp="20220320 20:41:36.358" level="INFO">Clicking element 'xpath=//*[@id="index"]/div[2]/div/div/a'.</msg>
<status status="PASS" starttime="20220320 20:41:36.357" endtime="20220320 20:41:36.817"/>
</kw>
<status status="PASS" starttime="20220320 20:41:31.863" endtime="20220320 20:41:36.817"/>
</iter>
<iter>
<var name="${data}">2</var>
<kw name="Wait Until Element Is Visible" library="SeleniumLibrary">
<arg>xpath=//*[@id="homefeatured"]/li[${data}]/div/div[2]/h5/a</arg>
<doc>Waits until the element ``locator`` is visible.</doc>
<status status="PASS" starttime="20220320 20:41:36.817" endtime="20220320 20:41:37.906"/>
</kw>
<kw name="Get Text" library="SeleniumLibrary">
<var>${textTitle}</var>
<arg>xpath=//*[@id="homefeatured"]/li[${data}]/div/div[2]/h5/a</arg>
<doc>Returns the text value of the element identified by ``locator``.</doc>
<msg timestamp="20220320 20:41:38.351" level="INFO">${textTitle} = Blouse</msg>
<status status="PASS" starttime="20220320 20:41:37.906" endtime="20220320 20:41:38.351"/>
</kw>
<kw name="Click Element" library="SeleniumLibrary">
<arg>xpath=//*[@id="homefeatured"]/li[${data}]/div/div[1]/div/div[1]/a/i</arg>
<doc>Click the element identified by ``locator``.</doc>
<msg timestamp="20220320 20:41:38.352" level="INFO">Clicking element 'xpath=//*[@id="homefeatured"]/li[2]/div/div[1]/div/div[1]/a/i'.</msg>
<status status="PASS" starttime="20220320 20:41:38.351" endtime="20220320 20:41:38.839"/>
</kw>
<kw name="Select Frame" library="SeleniumLibrary">
<arg>xpath=/html/body/div[2]/div/div/div/div/iframe</arg>
<doc>Sets frame identified by ``locator`` as the current frame.</doc>
<msg timestamp="20220320 20:41:38.839" level="INFO">Selecting frame 'xpath=/html/body/div[2]/div/div/div/div/iframe'.</msg>
<status status="PASS" starttime="20220320 20:41:38.839" endtime="20220320 20:41:40.276"/>
</kw>
<kw name="Wait Until Element Is Visible" library="SeleniumLibrary">
<arg>xpath=//*[@id="product"]/div/div/div[2]/h1</arg>
<doc>Waits until the element ``locator`` is visible.</doc>
<status status="PASS" starttime="20220320 20:41:40.276" endtime="20220320 20:41:40.719"/>
</kw>
<kw name="Element Text Should Be" library="SeleniumLibrary">
<arg>xpath=//*[@id="product"]/div/div/div[2]/h1</arg>
<arg>${textTitle}</arg>
<doc>Verifies that element ``locator`` contains exact the text ``expected``.</doc>
<msg timestamp="20220320 20:41:40.720" level="INFO">Verifying element 'xpath=//*[@id="product"]/div/div/div[2]/h1' contains exact text 'Blouse'.</msg>
<status status="PASS" starttime="20220320 20:41:40.719" endtime="20220320 20:41:41.161"/>
</kw>
<kw name="Unselect Frame" library="SeleniumLibrary">
<doc>Sets the main frame as the current frame.</doc>
<status status="PASS" starttime="20220320 20:41:41.161" endtime="20220320 20:41:41.366"/>
</kw>
<kw name="Click Element" library="SeleniumLibrary">
<arg>xpath=//*[@id="index"]/div[2]/div/div/a</arg>
<doc>Click the element identified by ``locator``.</doc>
<msg timestamp="20220320 20:41:41.366" level="INFO">Clicking element 'xpath=//*[@id="index"]/div[2]/div/div/a'.</msg>
<status status="PASS" starttime="20220320 20:41:41.366" endtime="20220320 20:41:41.825"/>
</kw>
<status status="PASS" starttime="20220320 20:41:36.817" endtime="20220320 20:41:41.825"/>
</iter>
<iter>
<var name="${data}">3</var>
<kw name="Wait Until Element Is Visible" library="SeleniumLibrary">
<arg>xpath=//*[@id="homefeatured"]/li[${data}]/div/div[2]/h5/a</arg>
<doc>Waits until the element ``locator`` is visible.</doc>
<status status="PASS" starttime="20220320 20:41:41.825" endtime="20220320 20:41:42.918"/>
</kw>
<kw name="Get Text" library="SeleniumLibrary">
<var>${textTitle}</var>
<arg>xpath=//*[@id="homefeatured"]/li[${data}]/div/div[2]/h5/a</arg>
<doc>Returns the text value of the element identified by ``locator``.</doc>
<msg timestamp="20220320 20:41:43.359" level="INFO">${textTitle} = Printed Dress</msg>
<status status="PASS" starttime="20220320 20:41:42.918" endtime="20220320 20:41:43.359"/>
</kw>
<kw name="Click Element" library="SeleniumLibrary">
<arg>xpath=//*[@id="homefeatured"]/li[${data}]/div/div[1]/div/div[1]/a/i</arg>
<doc>Click the element identified by ``locator``.</doc>
<msg timestamp="20220320 20:41:43.359" level="INFO">Clicking element 'xpath=//*[@id="homefeatured"]/li[3]/div/div[1]/div/div[1]/a/i'.</msg>
<status status="PASS" starttime="20220320 20:41:43.359" endtime="20220320 20:41:43.835"/>
</kw>
<kw name="Select Frame" library="SeleniumLibrary">
<arg>xpath=/html/body/div[2]/div/div/div/div/iframe</arg>
<doc>Sets frame identified by ``locator`` as the current frame.</doc>
<msg timestamp="20220320 20:41:43.836" level="INFO">Selecting frame 'xpath=/html/body/div[2]/div/div/div/div/iframe'.</msg>
<status status="PASS" starttime="20220320 20:41:43.835" endtime="20220320 20:41:45.229"/>
</kw>
<kw name="Wait Until Element Is Visible" library="SeleniumLibrary">
<arg>xpath=//*[@id="product"]/div/div/div[2]/h1</arg>
<doc>Waits until the element ``locator`` is visible.</doc>
<status status="PASS" starttime="20220320 20:41:45.229" endtime="20220320 20:41:45.669"/>
</kw>
<kw name="Element Text Should Be" library="SeleniumLibrary">
<arg>xpath=//*[@id="product"]/div/div/div[2]/h1</arg>
<arg>${textTitle}</arg>
<doc>Verifies that element ``locator`` contains exact the text ``expected``.</doc>
<msg timestamp="20220320 20:41:45.670" level="INFO">Verifying element 'xpath=//*[@id="product"]/div/div/div[2]/h1' contains exact text 'Printed Dress'.</msg>
<status status="PASS" starttime="20220320 20:41:45.669" endtime="20220320 20:41:46.112"/>
</kw>
<kw name="Unselect Frame" library="SeleniumLibrary">
<doc>Sets the main frame as the current frame.</doc>
<status status="PASS" starttime="20220320 20:41:46.112" endtime="20220320 20:41:46.316"/>
</kw>
<kw name="Click Element" library="SeleniumLibrary">
<arg>xpath=//*[@id="index"]/div[2]/div/div/a</arg>
<doc>Click the element identified by ``locator``.</doc>
<msg timestamp="20220320 20:41:46.316" level="INFO">Clicking element 'xpath=//*[@id="index"]/div[2]/div/div/a'.</msg>
<status status="PASS" starttime="20220320 20:41:46.316" endtime="20220320 20:41:46.776"/>
</kw>
<status status="PASS" starttime="20220320 20:41:41.825" endtime="20220320 20:41:46.776"/>
</iter>
<iter>
<var name="${data}">4</var>
<kw name="Wait Until Element Is Visible" library="SeleniumLibrary">
<arg>xpath=//*[@id="homefeatured"]/li[${data}]/div/div[2]/h5/a</arg>
<doc>Waits until the element ``locator`` is visible.</doc>
<status status="PASS" starttime="20220320 20:41:46.776" endtime="20220320 20:41:47.867"/>
</kw>
<kw name="Get Text" library="SeleniumLibrary">
<var>${textTitle}</var>
<arg>xpath=//*[@id="homefeatured"]/li[${data}]/div/div[2]/h5/a</arg>
<doc>Returns the text value of the element identified by ``locator``.</doc>
<msg timestamp="20220320 20:41:48.306" level="INFO">${textTitle} = Printed Dress</msg>
<status status="PASS" starttime="20220320 20:41:47.867" endtime="20220320 20:41:48.306"/>
</kw>
<kw name="Click Element" library="SeleniumLibrary">
<arg>xpath=//*[@id="homefeatured"]/li[${data}]/div/div[1]/div/div[1]/a/i</arg>
<doc>Click the element identified by ``locator``.</doc>
<msg timestamp="20220320 20:41:48.307" level="INFO">Clicking element 'xpath=//*[@id="homefeatured"]/li[4]/div/div[1]/div/div[1]/a/i'.</msg>
<status status="PASS" starttime="20220320 20:41:48.306" endtime="20220320 20:41:48.792"/>
</kw>
<kw name="Select Frame" library="SeleniumLibrary">
<arg>xpath=/html/body/div[2]/div/div/div/div/iframe</arg>
<doc>Sets frame identified by ``locator`` as the current frame.</doc>
<msg timestamp="20220320 20:41:48.793" level="INFO">Selecting frame 'xpath=/html/body/div[2]/div/div/div/div/iframe'.</msg>
<status status="PASS" starttime="20220320 20:41:48.792" endtime="20220320 20:41:50.411"/>
</kw>
<kw name="Wait Until Element Is Visible" library="SeleniumLibrary">
<arg>xpath=//*[@id="product"]/div/div/div[2]/h1</arg>
<doc>Waits until the element ``locator`` is visible.</doc>
<status status="PASS" starttime="20220320 20:41:50.411" endtime="20220320 20:41:50.838"/>
</kw>
<kw name="Element Text Should Be" library="SeleniumLibrary">
<arg>xpath=//*[@id="product"]/div/div/div[2]/h1</arg>
<arg>${textTitle}</arg>
<doc>Verifies that element ``locator`` contains exact the text ``expected``.</doc>
<msg timestamp="20220320 20:41:50.838" level="INFO">Verifying element 'xpath=//*[@id="product"]/div/div/div[2]/h1' contains exact text 'Printed Dress'.</msg>
<status status="PASS" starttime="20220320 20:41:50.838" endtime="20220320 20:41:51.280"/>
</kw>
<kw name="Unselect Frame" library="SeleniumLibrary">
<doc>Sets the main frame as the current frame.</doc>
<status status="PASS" starttime="20220320 20:41:51.280" endtime="20220320 20:41:51.498"/>
</kw>
<kw name="Click Element" library="SeleniumLibrary">
<arg>xpath=//*[@id="index"]/div[2]/div/div/a</arg>
<doc>Click the element identified by ``locator``.</doc>
<msg timestamp="20220320 20:41:51.499" level="INFO">Clicking element 'xpath=//*[@id="index"]/div[2]/div/div/a'.</msg>
<status status="PASS" starttime="20220320 20:41:51.498" endtime="20220320 20:41:51.957"/>
</kw>
<status status="PASS" starttime="20220320 20:41:46.776" endtime="20220320 20:41:51.957"/>
</iter>
<iter>
<var name="${data}">5</var>
<kw name="Wait Until Element Is Visible" library="SeleniumLibrary">
<arg>xpath=//*[@id="homefeatured"]/li[${data}]/div/div[2]/h5/a</arg>
<doc>Waits until the element ``locator`` is visible.</doc>
<status status="PASS" starttime="20220320 20:41:51.957" endtime="20220320 20:41:53.047"/>
</kw>
<kw name="Get Text" library="SeleniumLibrary">
<var>${textTitle}</var>
<arg>xpath=//*[@id="homefeatured"]/li[${data}]/div/div[2]/h5/a</arg>
<doc>Returns the text value of the element identified by ``locator``.</doc>
<msg timestamp="20220320 20:41:53.488" level="INFO">${textTitle} = Printed Summer Dress</msg>
<status status="PASS" starttime="20220320 20:41:53.047" endtime="20220320 20:41:53.488"/>
</kw>
<kw name="Click Element" library="SeleniumLibrary">
<arg>xpath=//*[@id="homefeatured"]/li[${data}]/div/div[1]/div/div[1]/a/i</arg>
<doc>Click the element identified by ``locator``.</doc>
<msg timestamp="20220320 20:41:53.489" level="INFO">Clicking element 'xpath=//*[@id="homefeatured"]/li[5]/div/div[1]/div/div[1]/a/i'.</msg>
<status status="PASS" starttime="20220320 20:41:53.488" endtime="20220320 20:41:53.981"/>
</kw>
<kw name="Select Frame" library="SeleniumLibrary">
<arg>xpath=/html/body/div[2]/div/div/div/div/iframe</arg>
<doc>Sets frame identified by ``locator`` as the current frame.</doc>
<msg timestamp="20220320 20:41:53.982" level="INFO">Selecting frame 'xpath=/html/body/div[2]/div/div/div/div/iframe'.</msg>
<status status="PASS" starttime="20220320 20:41:53.981" endtime="20220320 20:41:55.137"/>
</kw>
<kw name="Wait Until Element Is Visible" library="SeleniumLibrary">
<arg>xpath=//*[@id="product"]/div/div/div[2]/h1</arg>
<doc>Waits until the element ``locator`` is visible.</doc>
<status status="PASS" starttime="20220320 20:41:55.137" endtime="20220320 20:41:55.581"/>
</kw>
<kw name="Element Text Should Be" library="SeleniumLibrary">
<arg>xpath=//*[@id="product"]/div/div/div[2]/h1</arg>
<arg>${textTitle}</arg>
<doc>Verifies that element ``locator`` contains exact the text ``expected``.</doc>
<msg timestamp="20220320 20:41:55.582" level="INFO">Verifying element 'xpath=//*[@id="product"]/div/div/div[2]/h1' contains exact text 'Printed Summer Dress'.</msg>
<status status="PASS" starttime="20220320 20:41:55.581" endtime="20220320 20:41:56.036"/>
</kw>
<kw name="Unselect Frame" library="SeleniumLibrary">
<doc>Sets the main frame as the current frame.</doc>
<status status="PASS" starttime="20220320 20:41:56.036" endtime="20220320 20:41:56.242"/>
</kw>
<kw name="Click Element" library="SeleniumLibrary">
<arg>xpath=//*[@id="index"]/div[2]/div/div/a</arg>
<doc>Click the element identified by ``locator``.</doc>
<msg timestamp="20220320 20:41:56.243" level="INFO">Clicking element 'xpath=//*[@id="index"]/div[2]/div/div/a'.</msg>
<status status="PASS" starttime="20220320 20:41:56.242" endtime="20220320 20:41:56.702"/>
</kw>
<status status="PASS" starttime="20220320 20:41:51.957" endtime="20220320 20:41:56.702"/>
</iter>
<iter>
<var name="${data}">6</var>
<kw name="Wait Until Element Is Visible" library="SeleniumLibrary">
<arg>xpath=//*[@id="homefeatured"]/li[${data}]/div/div[2]/h5/a</arg>
<doc>Waits until the element ``locator`` is visible.</doc>
<status status="PASS" starttime="20220320 20:41:56.702" endtime="20220320 20:41:57.796"/>
</kw>
<kw name="Get Text" library="SeleniumLibrary">
<var>${textTitle}</var>
<arg>xpath=//*[@id="homefeatured"]/li[${data}]/div/div[2]/h5/a</arg>
<doc>Returns the text value of the element identified by ``locator``.</doc>
<msg timestamp="20220320 20:41:58.239" level="INFO">${textTitle} = Printed Summer Dress</msg>
<status status="PASS" starttime="20220320 20:41:57.796" endtime="20220320 20:41:58.239"/>
</kw>
<kw name="Click Element" library="SeleniumLibrary">
<arg>xpath=//*[@id="homefeatured"]/li[${data}]/div/div[1]/div/div[1]/a/i</arg>
<doc>Click the element identified by ``locator``.</doc>
<msg timestamp="20220320 20:41:58.239" level="INFO">Clicking element 'xpath=//*[@id="homefeatured"]/li[6]/div/div[1]/div/div[1]/a/i'.</msg>
<status status="PASS" starttime="20220320 20:41:58.239" endtime="20220320 20:41:58.722"/>
</kw>
<kw name="Select Frame" library="SeleniumLibrary">
<arg>xpath=/html/body/div[2]/div/div/div/div/iframe</arg>
<doc>Sets frame identified by ``locator`` as the current frame.</doc>
<msg timestamp="20220320 20:41:58.723" level="INFO">Selecting frame 'xpath=/html/body/div[2]/div/div/div/div/iframe'.</msg>
<status status="PASS" starttime="20220320 20:41:58.722" endtime="20220320 20:42:00.820"/>
</kw>
<kw name="Wait Until Element Is Visible" library="SeleniumLibrary">
<arg>xpath=//*[@id="product"]/div/div/div[2]/h1</arg>
<doc>Waits until the element ``locator`` is visible.</doc>
<status status="PASS" starttime="20220320 20:42:00.820" endtime="20220320 20:42:01.249"/>
</kw>
<kw name="Element Text Should Be" library="SeleniumLibrary">
<arg>xpath=//*[@id="product"]/div/div/div[2]/h1</arg>
<arg>${textTitle}</arg>
<doc>Verifies that element ``locator`` contains exact the text ``expected``.</doc>
<msg timestamp="20220320 20:42:01.250" level="INFO">Verifying element 'xpath=//*[@id="product"]/div/div/div[2]/h1' contains exact text 'Printed Summer Dress'.</msg>
<status status="PASS" starttime="20220320 20:42:01.249" endtime="20220320 20:42:01.686"/>
</kw>
<kw name="Unselect Frame" library="SeleniumLibrary">
<doc>Sets the main frame as the current frame.</doc>
<status status="PASS" starttime="20220320 20:42:01.686" endtime="20220320 20:42:01.889"/>
</kw>
<kw name="Click Element" library="SeleniumLibrary">
<arg>xpath=//*[@id="index"]/div[2]/div/div/a</arg>
<doc>Click the element identified by ``locator``.</doc>
<msg timestamp="20220320 20:42:01.889" level="INFO">Clicking element 'xpath=//*[@id="index"]/div[2]/div/div/a'.</msg>
<status status="PASS" starttime="20220320 20:42:01.889" endtime="20220320 20:42:02.346"/>
</kw>
<status status="PASS" starttime="20220320 20:41:56.702" endtime="20220320 20:42:02.346"/>
</iter>
<iter>
<var name="${data}">7</var>
<kw name="Wait Until Element Is Visible" library="SeleniumLibrary">
<arg>xpath=//*[@id="homefeatured"]/li[${data}]/div/div[2]/h5/a</arg>
<doc>Waits until the element ``locator`` is visible.</doc>
<status status="PASS" starttime="20220320 20:42:02.346" endtime="20220320 20:42:03.437"/>
</kw>
<kw name="Get Text" library="SeleniumLibrary">
<var>${textTitle}</var>
<arg>xpath=//*[@id="homefeatured"]/li[${data}]/div/div[2]/h5/a</arg>
<doc>Returns the text value of the element identified by ``locator``.</doc>
<msg timestamp="20220320 20:42:03.879" level="INFO">${textTitle} = Printed Chiffon Dress</msg>
<status status="PASS" starttime="20220320 20:42:03.437" endtime="20220320 20:42:03.879"/>
</kw>
<kw name="Click Element" library="SeleniumLibrary">
<arg>xpath=//*[@id="homefeatured"]/li[${data}]/div/div[1]/div/div[1]/a/i</arg>
<doc>Click the element identified by ``locator``.</doc>
<msg timestamp="20220320 20:42:03.880" level="INFO">Clicking element 'xpath=//*[@id="homefeatured"]/li[7]/div/div[1]/div/div[1]/a/i'.</msg>
<status status="PASS" starttime="20220320 20:42:03.879" endtime="20220320 20:42:04.369"/>
</kw>
<kw name="Select Frame" library="SeleniumLibrary">
<arg>xpath=/html/body/div[2]/div/div/div/div/iframe</arg>
<doc>Sets frame identified by ``locator`` as the current frame.</doc>
<msg timestamp="20220320 20:42:04.369" level="INFO">Selecting frame 'xpath=/html/body/div[2]/div/div/div/div/iframe'.</msg>
<status status="PASS" starttime="20220320 20:42:04.369" endtime="20220320 20:42:08.349"/>
</kw>
<kw name="Wait Until Element Is Visible" library="SeleniumLibrary">
<arg>xpath=//*[@id="product"]/div/div/div[2]/h1</arg>
<doc>Waits until the element ``locator`` is visible.</doc>
<status status="PASS" starttime="20220320 20:42:08.349" endtime="20220320 20:42:08.790"/>
</kw>
<kw name="Element Text Should Be" library="SeleniumLibrary">
<arg>xpath=//*[@id="product"]/div/div/div[2]/h1</arg>
<arg>${textTitle}</arg>
<doc>Verifies that element ``locator`` contains exact the text ``expected``.</doc>
<msg timestamp="20220320 20:42:08.791" level="INFO">Verifying element 'xpath=//*[@id="product"]/div/div/div[2]/h1' contains exact text 'Printed Chiffon Dress'.</msg>
<status status="PASS" starttime="20220320 20:42:08.790" endtime="20220320 20:42:09.232"/>
</kw>
<kw name="Unselect Frame" library="SeleniumLibrary">
<doc>Sets the main frame as the current frame.</doc>
<status status="PASS" starttime="20220320 20:42:09.232" endtime="20220320 20:42:09.438"/>
</kw>
<kw name="Click Element" library="SeleniumLibrary">
<arg>xpath=//*[@id="index"]/div[2]/div/div/a</arg>
<doc>Click the element identified by ``locator``.</doc>
<msg timestamp="20220320 20:42:09.439" level="INFO">Clicking element 'xpath=//*[@id="index"]/div[2]/div/div/a'.</msg>
<status status="PASS" starttime="20220320 20:42:09.438" endtime="20220320 20:42:09.897"/>
</kw>
<status status="PASS" starttime="20220320 20:42:02.346" endtime="20220320 20:42:09.897"/>
</iter>
<status status="PASS" starttime="20220320 20:41:31.862" endtime="20220320 20:42:09.897"/>
</for>
<kw name="close Homepage" library="resources" type="TEARDOWN">
<kw name="Close Browser" library="SeleniumLibrary">
<doc>Closes the current browser.</doc>
<status status="PASS" starttime="20220320 20:42:09.898" endtime="20220320 20:42:12.183"/>
</kw>
<status status="PASS" starttime="20220320 20:42:09.897" endtime="20220320 20:42:12.184"/>
</kw>
<tag>primercaso</tag>
<status status="PASS" starttime="20220320 20:41:26.626" endtime="20220320 20:42:12.184"/>
</test>
<test id="s1-t2" name="AP002 Verificar que la previsualizacion esta funcionando correctamente a traves del texto de preview">
<kw name="open Homepage" library="resources" type="SETUP">
<kw name="Open Browser" library="SeleniumLibrary">
<arg>${url}</arg>
<arg>${browser}</arg>
<doc>Opens a new browser instance to the optional ``url``.</doc>
<msg timestamp="20220320 20:42:12.188" level="INFO">Opening browser 'chrome' to base url 'http://automationpractice.com/index.php'.</msg>
<status status="PASS" starttime="20220320 20:42:12.187" endtime="20220320 20:42:17.280"/>
</kw>
<kw name="Get Window Size" library="SeleniumLibrary">
<var>${width}</var>
<var>${height}</var>
<doc>Returns current window width and height as integers.</doc>
<msg timestamp="20220320 20:42:17.499" level="INFO">${width} = 1050</msg>
<msg timestamp="20220320 20:42:17.499" level="INFO">${height} = 840</msg>
<status status="PASS" starttime="20220320 20:42:17.280" endtime="20220320 20:42:17.499"/>
</kw>
<kw name="Set Global Variable" library="BuiltIn">
<arg>${width}</arg>
<doc>Makes a variable available globally in all tests and suites.</doc>
<msg timestamp="20220320 20:42:17.499" level="INFO">${width} = 1050</msg>
<status status="PASS" starttime="20220320 20:42:17.499" endtime="20220320 20:42:17.499"/>
</kw>
<kw name="Set Selenium Speed" library="SeleniumLibrary">
<arg>0.2s</arg>
<doc>Sets the delay that is waited after each Selenium command.</doc>
<status status="PASS" starttime="20220320 20:42:17.500" endtime="20220320 20:42:17.500"/>
</kw>
<status status="PASS" starttime="20220320 20:42:12.187" endtime="20220320 20:42:17.500"/>
</kw>
<if>
<branch type="IF" condition="${width} &lt;= 1200">
<kw name="Set Window Size" library="SeleniumLibrary">
<arg>1250</arg>
<arg>800</arg>
<doc>Sets current windows size to given ``width`` and ``height``.</doc>
<status status="PASS" starttime="20220320 20:42:17.501" endtime="20220320 20:42:17.832"/>
</kw>
<status status="PASS" starttime="20220320 20:42:17.501" endtime="20220320 20:42:17.832"/>
</branch>
<status status="PASS" starttime="20220320 20:42:17.500" endtime="20220320 20:42:17.832"/>
</if>
<for flavor="IN">
<var>${data}</var>
<value>@{dataArrays}</value>
<iter>
<var name="${data}">1</var>
<kw name="Wait Until Element Is Visible" library="SeleniumLibrary">
<arg>xpath=//*[@id="homefeatured"]/li[${data}]/div/div[2]/h5/a</arg>
<doc>Waits until the element ``locator`` is visible.</doc>
<status status="PASS" starttime="20220320 20:42:17.833" endtime="20220320 20:42:18.273"/>
</kw>
<kw name="Get Text" library="SeleniumLibrary">
<var>${textTitle}</var>
<arg>xpath=//*[@id="homefeatured"]/li[${data}]/div/div[2]/h5/a</arg>
<doc>Returns the text value of the element identified by ``locator``.</doc>
<msg timestamp="20220320 20:42:18.708" level="INFO">${textTitle} = Faded Short Sleeve T-shirts</msg>
<status status="PASS" starttime="20220320 20:42:18.273" endtime="20220320 20:42:18.708"/>
</kw>
<kw name="Mouse Over" library="SeleniumLibrary">
<arg>xpath=//*[@id="homefeatured"]/li[${data}]/div/div[1]/div/a[1]/img</arg>
<doc>Simulates hovering the mouse over the element ``locator``.</doc>
<msg timestamp="20220320 20:42:18.709" level="INFO">Simulating Mouse Over on element 'xpath=//*[@id="homefeatured"]/li[1]/div/div[1]/div/a[1]/img'.</msg>
<status status="PASS" starttime="20220320 20:42:18.708" endtime="20220320 20:42:19.418"/>
</kw>
<kw name="Click Element" library="SeleniumLibrary">
<arg>xpath=//*[@id="homefeatured"]/li[${data}]/div/div[1]/div/a[2]</arg>
<doc>Click the element identified by ``locator``.</doc>
<msg timestamp="20220320 20:42:19.418" level="INFO">Clicking element 'xpath=//*[@id="homefeatured"]/li[1]/div/div[1]/div/a[2]'.</msg>
<status status="PASS" starttime="20220320 20:42:19.418" endtime="20220320 20:42:19.923"/>
</kw>
<kw name="Select Frame" library="SeleniumLibrary">
<arg>xpath=/html/body/div[2]/div/div/div/div/iframe</arg>
<doc>Sets frame identified by ``locator`` as the current frame.</doc>
<msg timestamp="20220320 20:42:19.923" level="INFO">Selecting frame 'xpath=/html/body/div[2]/div/div/div/div/iframe'.</msg>
<status status="PASS" starttime="20220320 20:42:19.923" endtime="20220320 20:42:21.688"/>
</kw>
<kw name="Wait Until Element Is Visible" library="SeleniumLibrary">
<arg>xpath=//*[@id="product"]/div/div/div[2]/h1</arg>
<doc>Waits until the element ``locator`` is visible.</doc>
<status status="PASS" starttime="20220320 20:42:21.688" endtime="20220320 20:42:22.126"/>
</kw>
<kw name="Element Text Should Be" library="SeleniumLibrary">
<arg>xpath=//*[@id="product"]/div/div/div[2]/h1</arg>
<arg>${textTitle}</arg>
<doc>Verifies that element ``locator`` contains exact the text ``expected``.</doc>
<msg timestamp="20220320 20:42:22.126" level="INFO">Verifying element 'xpath=//*[@id="product"]/div/div/div[2]/h1' contains exact text 'Faded Short Sleeve T-shirts'.</msg>
<status status="PASS" starttime="20220320 20:42:22.126" endtime="20220320 20:42:22.565"/>
</kw>
<kw name="Unselect Frame" library="SeleniumLibrary">
<doc>Sets the main frame as the current frame.</doc>
<status status="PASS" starttime="20220320 20:42:22.565" endtime="20220320 20:42:22.771"/>
</kw>
<kw name="Click Element" library="SeleniumLibrary">
<arg>xpath=//*[@id="index"]/div[2]/div/div/a</arg>
<doc>Click the element identified by ``locator``.</doc>
<msg timestamp="20220320 20:42:22.771" level="INFO">Clicking element 'xpath=//*[@id="index"]/div[2]/div/div/a'.</msg>
<status status="PASS" starttime="20220320 20:42:22.771" endtime="20220320 20:42:23.228"/>
</kw>
<status status="PASS" starttime="20220320 20:42:17.833" endtime="20220320 20:42:23.228"/>
</iter>
<iter>
<var name="${data}">2</var>
<kw name="Wait Until Element Is Visible" library="SeleniumLibrary">
<arg>xpath=//*[@id="homefeatured"]/li[${data}]/div/div[2]/h5/a</arg>
<doc>Waits until the element ``locator`` is visible.</doc>
<status status="PASS" starttime="20220320 20:42:23.228" endtime="20220320 20:42:24.317"/>
</kw>
<kw name="Get Text" library="SeleniumLibrary">
<var>${textTitle}</var>
<arg>xpath=//*[@id="homefeatured"]/li[${data}]/div/div[2]/h5/a</arg>
<doc>Returns the text value of the element identified by ``locator``.</doc>
<msg timestamp="20220320 20:42:24.760" level="INFO">${textTitle} = Blouse</msg>
<status status="PASS" starttime="20220320 20:42:24.317" endtime="20220320 20:42:24.760"/>
</kw>
<kw name="Mouse Over" library="SeleniumLibrary">
<arg>xpath=//*[@id="homefeatured"]/li[${data}]/div/div[1]/div/a[1]/img</arg>
<doc>Simulates hovering the mouse over the element ``locator``.</doc>
<msg timestamp="20220320 20:42:24.761" level="INFO">Simulating Mouse Over on element 'xpath=//*[@id="homefeatured"]/li[2]/div/div[1]/div/a[1]/img'.</msg>
<status status="PASS" starttime="20220320 20:42:24.760" endtime="20220320 20:42:25.470"/>
</kw>
<kw name="Click Element" library="SeleniumLibrary">
<arg>xpath=//*[@id="homefeatured"]/li[${data}]/div/div[1]/div/a[2]</arg>
<doc>Click the element identified by ``locator``.</doc>
<msg timestamp="20220320 20:42:25.471" level="INFO">Clicking element 'xpath=//*[@id="homefeatured"]/li[2]/div/div[1]/div/a[2]'.</msg>
<status status="PASS" starttime="20220320 20:42:25.470" endtime="20220320 20:42:25.955"/>
</kw>
<kw name="Select Frame" library="SeleniumLibrary">
<arg>xpath=/html/body/div[2]/div/div/div/div/iframe</arg>
<doc>Sets frame identified by ``locator`` as the current frame.</doc>
<msg timestamp="20220320 20:42:25.956" level="INFO">Selecting frame 'xpath=/html/body/div[2]/div/div/div/div/iframe'.</msg>
<status status="PASS" starttime="20220320 20:42:25.955" endtime="20220320 20:42:27.588"/>
</kw>
<kw name="Wait Until Element Is Visible" library="SeleniumLibrary">
<arg>xpath=//*[@id="product"]/div/div/div[2]/h1</arg>
<doc>Waits until the element ``locator`` is visible.</doc>
<status status="PASS" starttime="20220320 20:42:27.588" endtime="20220320 20:42:28.029"/>
</kw>
<kw name="Element Text Should Be" library="SeleniumLibrary">
<arg>xpath=//*[@id="product"]/div/div/div[2]/h1</arg>
<arg>${textTitle}</arg>
<doc>Verifies that element ``locator`` contains exact the text ``expected``.</doc>
<msg timestamp="20220320 20:42:28.029" level="INFO">Verifying element 'xpath=//*[@id="product"]/div/div/div[2]/h1' contains exact text 'Blouse'.</msg>
<status status="PASS" starttime="20220320 20:42:28.029" endtime="20220320 20:42:28.472"/>
</kw>
<kw name="Unselect Frame" library="SeleniumLibrary">
<doc>Sets the main frame as the current frame.</doc>
<status status="PASS" starttime="20220320 20:42:28.472" endtime="20220320 20:42:28.678"/>
</kw>
<kw name="Click Element" library="SeleniumLibrary">
<arg>xpath=//*[@id="index"]/div[2]/div/div/a</arg>
<doc>Click the element identified by ``locator``.</doc>
<msg timestamp="20220320 20:42:28.679" level="INFO">Clicking element 'xpath=//*[@id="index"]/div[2]/div/div/a'.</msg>
<status status="PASS" starttime="20220320 20:42:28.678" endtime="20220320 20:42:29.136"/>
</kw>
<status status="PASS" starttime="20220320 20:42:23.228" endtime="20220320 20:42:29.136"/>
</iter>
<iter>
<var name="${data}">3</var>
<kw name="Wait Until Element Is Visible" library="SeleniumLibrary">
<arg>xpath=//*[@id="homefeatured"]/li[${data}]/div/div[2]/h5/a</arg>
<doc>Waits until the element ``locator`` is visible.</doc>
<status status="PASS" starttime="20220320 20:42:29.136" endtime="20220320 20:42:30.227"/>
</kw>
<kw name="Get Text" library="SeleniumLibrary">
<var>${textTitle}</var>
<arg>xpath=//*[@id="homefeatured"]/li[${data}]/div/div[2]/h5/a</arg>
<doc>Returns the text value of the element identified by ``locator``.</doc>
<msg timestamp="20220320 20:42:30.671" level="INFO">${textTitle} = Printed Dress</msg>
<status status="PASS" starttime="20220320 20:42:30.227" endtime="20220320 20:42:30.671"/>
</kw>
<kw name="Mouse Over" library="SeleniumLibrary">
<arg>xpath=//*[@id="homefeatured"]/li[${data}]/div/div[1]/div/a[1]/img</arg>
<doc>Simulates hovering the mouse over the element ``locator``.</doc>
<msg timestamp="20220320 20:42:30.672" level="INFO">Simulating Mouse Over on element 'xpath=//*[@id="homefeatured"]/li[3]/div/div[1]/div/a[1]/img'.</msg>
<status status="PASS" starttime="20220320 20:42:30.671" endtime="20220320 20:42:31.367"/>
</kw>
<kw name="Click Element" library="SeleniumLibrary">
<arg>xpath=//*[@id="homefeatured"]/li[${data}]/div/div[1]/div/a[2]</arg>
<doc>Click the element identified by ``locator``.</doc>
<msg timestamp="20220320 20:42:31.367" level="INFO">Clicking element 'xpath=//*[@id="homefeatured"]/li[3]/div/div[1]/div/a[2]'.</msg>
<status status="PASS" starttime="20220320 20:42:31.367" endtime="20220320 20:42:31.858"/>
</kw>
<kw name="Select Frame" library="SeleniumLibrary">
<arg>xpath=/html/body/div[2]/div/div/div/div/iframe</arg>
<doc>Sets frame identified by ``locator`` as the current frame.</doc>
<msg timestamp="20220320 20:42:31.859" level="INFO">Selecting frame 'xpath=/html/body/div[2]/div/div/div/div/iframe'.</msg>
<status status="PASS" starttime="20220320 20:42:31.858" endtime="20220320 20:42:33.059"/>
</kw>
<kw name="Wait Until Element Is Visible" library="SeleniumLibrary">
<arg>xpath=//*[@id="product"]/div/div/div[2]/h1</arg>
<doc>Waits until the element ``locator`` is visible.</doc>
<status status="PASS" starttime="20220320 20:42:33.059" endtime="20220320 20:42:33.499"/>
</kw>
<kw name="Element Text Should Be" library="SeleniumLibrary">
<arg>xpath=//*[@id="product"]/div/div/div[2]/h1</arg>
<arg>${textTitle}</arg>
<doc>Verifies that element ``locator`` contains exact the text ``expected``.</doc>
<msg timestamp="20220320 20:42:33.499" level="INFO">Verifying element 'xpath=//*[@id="product"]/div/div/div[2]/h1' contains exact text 'Printed Dress'.</msg>
<status status="PASS" starttime="20220320 20:42:33.499" endtime="20220320 20:42:33.942"/>
</kw>
<kw name="Unselect Frame" library="SeleniumLibrary">
<doc>Sets the main frame as the current frame.</doc>
<status status="PASS" starttime="20220320 20:42:33.942" endtime="20220320 20:42:34.164"/>
</kw>
<kw name="Click Element" library="SeleniumLibrary">
<arg>xpath=//*[@id="index"]/div[2]/div/div/a</arg>
<doc>Click the element identified by ``locator``.</doc>
<msg timestamp="20220320 20:42:34.164" level="INFO">Clicking element 'xpath=//*[@id="index"]/div[2]/div/div/a'.</msg>
<status status="PASS" starttime="20220320 20:42:34.164" endtime="20220320 20:42:34.617"/>
</kw>
<status status="PASS" starttime="20220320 20:42:29.136" endtime="20220320 20:42:34.617"/>
</iter>
<iter>
<var name="${data}">4</var>
<kw name="Wait Until Element Is Visible" library="SeleniumLibrary">
<arg>xpath=//*[@id="homefeatured"]/li[${data}]/div/div[2]/h5/a</arg>
<doc>Waits until the element ``locator`` is visible.</doc>
<status status="PASS" starttime="20220320 20:42:34.617" endtime="20220320 20:42:35.709"/>
</kw>
<kw name="Get Text" library="SeleniumLibrary">
<var>${textTitle}</var>
<arg>xpath=//*[@id="homefeatured"]/li[${data}]/div/div[2]/h5/a</arg>
<doc>Returns the text value of the element identified by ``locator``.</doc>
<msg timestamp="20220320 20:42:36.147" level="INFO">${textTitle} = Printed Dress</msg>
<status status="PASS" starttime="20220320 20:42:35.709" endtime="20220320 20:42:36.147"/>
</kw>
<kw name="Mouse Over" library="SeleniumLibrary">
<arg>xpath=//*[@id="homefeatured"]/li[${data}]/div/div[1]/div/a[1]/img</arg>
<doc>Simulates hovering the mouse over the element ``locator``.</doc>
<msg timestamp="20220320 20:42:36.148" level="INFO">Simulating Mouse Over on element 'xpath=//*[@id="homefeatured"]/li[4]/div/div[1]/div/a[1]/img'.</msg>
<status status="PASS" starttime="20220320 20:42:36.147" endtime="20220320 20:42:36.845"/>
</kw>
<kw name="Click Element" library="SeleniumLibrary">
<arg>xpath=//*[@id="homefeatured"]/li[${data}]/div/div[1]/div/a[2]</arg>
<doc>Click the element identified by ``locator``.</doc>
<msg timestamp="20220320 20:42:36.846" level="INFO">Clicking element 'xpath=//*[@id="homefeatured"]/li[4]/div/div[1]/div/a[2]'.</msg>
<status status="PASS" starttime="20220320 20:42:36.845" endtime="20220320 20:42:37.331"/>
</kw>
<kw name="Select Frame" library="SeleniumLibrary">
<arg>xpath=/html/body/div[2]/div/div/div/div/iframe</arg>
<doc>Sets frame identified by ``locator`` as the current frame.</doc>
<msg timestamp="20220320 20:42:37.331" level="INFO">Selecting frame 'xpath=/html/body/div[2]/div/div/div/div/iframe'.</msg>
<status status="PASS" starttime="20220320 20:42:37.331" endtime="20220320 20:42:38.794"/>
</kw>
<kw name="Wait Until Element Is Visible" library="SeleniumLibrary">
<arg>xpath=//*[@id="product"]/div/div/div[2]/h1</arg>
<doc>Waits until the element ``locator`` is visible.</doc>
<status status="PASS" starttime="20220320 20:42:38.794" endtime="20220320 20:42:39.232"/>
</kw>
<kw name="Element Text Should Be" library="SeleniumLibrary">
<arg>xpath=//*[@id="product"]/div/div/div[2]/h1</arg>
<arg>${textTitle}</arg>
<doc>Verifies that element ``locator`` contains exact the text ``expected``.</doc>
<msg timestamp="20220320 20:42:39.233" level="INFO">Verifying element 'xpath=//*[@id="product"]/div/div/div[2]/h1' contains exact text 'Printed Dress'.</msg>
<status status="PASS" starttime="20220320 20:42:39.232" endtime="20220320 20:42:39.674"/>
</kw>
<kw name="Unselect Frame" library="SeleniumLibrary">
<doc>Sets the main frame as the current frame.</doc>
<status status="PASS" starttime="20220320 20:42:39.674" endtime="20220320 20:42:39.893"/>
</kw>
<kw name="Click Element" library="SeleniumLibrary">
<arg>xpath=//*[@id="index"]/div[2]/div/div/a</arg>
<doc>Click the element identified by ``locator``.</doc>
<msg timestamp="20220320 20:42:39.894" level="INFO">Clicking element 'xpath=//*[@id="index"]/div[2]/div/div/a'.</msg>
<status status="PASS" starttime="20220320 20:42:39.893" endtime="20220320 20:42:40.351"/>
</kw>
<status status="PASS" starttime="20220320 20:42:34.617" endtime="20220320 20:42:40.351"/>
</iter>
<iter>
<var name="${data}">5</var>
<kw name="Wait Until Element Is Visible" library="SeleniumLibrary">
<arg>xpath=//*[@id="homefeatured"]/li[${data}]/div/div[2]/h5/a</arg>
<doc>Waits until the element ``locator`` is visible.</doc>
<status status="PASS" starttime="20220320 20:42:40.352" endtime="20220320 20:42:41.443"/>
</kw>
<kw name="Get Text" library="SeleniumLibrary">
<var>${textTitle}</var>
<arg>xpath=//*[@id="homefeatured"]/li[${data}]/div/div[2]/h5/a</arg>
<doc>Returns the text value of the element identified by ``locator``.</doc>
<msg timestamp="20220320 20:42:41.886" level="INFO">${textTitle} = Printed Summer Dress</msg>
<status status="PASS" starttime="20220320 20:42:41.443" endtime="20220320 20:42:41.886"/>
</kw>
<kw name="Mouse Over" library="SeleniumLibrary">
<arg>xpath=//*[@id="homefeatured"]/li[${data}]/div/div[1]/div/a[1]/img</arg>
<doc>Simulates hovering the mouse over the element ``locator``.</doc>
<msg timestamp="20220320 20:42:41.887" level="INFO">Simulating Mouse Over on element 'xpath=//*[@id="homefeatured"]/li[5]/div/div[1]/div/a[1]/img'.</msg>
<status status="PASS" starttime="20220320 20:42:41.886" endtime="20220320 20:42:42.597"/>
</kw>
<kw name="Click Element" library="SeleniumLibrary">
<arg>xpath=//*[@id="homefeatured"]/li[${data}]/div/div[1]/div/a[2]</arg>
<doc>Click the element identified by ``locator``.</doc>
<msg timestamp="20220320 20:42:42.598" level="INFO">Clicking element 'xpath=//*[@id="homefeatured"]/li[5]/div/div[1]/div/a[2]'.</msg>
<status status="PASS" starttime="20220320 20:42:42.597" endtime="20220320 20:42:43.081"/>
</kw>
<kw name="Select Frame" library="SeleniumLibrary">
<arg>xpath=/html/body/div[2]/div/div/div/div/iframe</arg>
<doc>Sets frame identified by ``locator`` as the current frame.</doc>
<msg timestamp="20220320 20:42:43.081" level="INFO">Selecting frame 'xpath=/html/body/div[2]/div/div/div/div/iframe'.</msg>
<status status="PASS" starttime="20220320 20:42:43.081" endtime="20220320 20:42:44.594"/>
</kw>
<kw name="Wait Until Element Is Visible" library="SeleniumLibrary">
<arg>xpath=//*[@id="product"]/div/div/div[2]/h1</arg>
<doc>Waits until the element ``locator`` is visible.</doc>
<status status="PASS" starttime="20220320 20:42:44.594" endtime="20220320 20:42:45.022"/>
</kw>
<kw name="Element Text Should Be" library="SeleniumLibrary">
<arg>xpath=//*[@id="product"]/div/div/div[2]/h1</arg>
<arg>${textTitle}</arg>
<doc>Verifies that element ``locator`` contains exact the text ``expected``.</doc>
<msg timestamp="20220320 20:42:45.023" level="INFO">Verifying element 'xpath=//*[@id="product"]/div/div/div[2]/h1' contains exact text 'Printed Summer Dress'.</msg>
<status status="PASS" starttime="20220320 20:42:45.022" endtime="20220320 20:42:45.466"/>
</kw>
<kw name="Unselect Frame" library="SeleniumLibrary">
<doc>Sets the main frame as the current frame.</doc>
<status status="PASS" starttime="20220320 20:42:45.466" endtime="20220320 20:42:45.670"/>
</kw>
<kw name="Click Element" library="SeleniumLibrary">
<arg>xpath=//*[@id="index"]/div[2]/div/div/a</arg>
<doc>Click the element identified by ``locator``.</doc>
<msg timestamp="20220320 20:42:45.671" level="INFO">Clicking element 'xpath=//*[@id="index"]/div[2]/div/div/a'.</msg>
<status status="PASS" starttime="20220320 20:42:45.670" endtime="20220320 20:42:46.129"/>
</kw>
<status status="PASS" starttime="20220320 20:42:40.351" endtime="20220320 20:42:46.129"/>
</iter>
<iter>
<var name="${data}">6</var>
<kw name="Wait Until Element Is Visible" library="SeleniumLibrary">
<arg>xpath=//*[@id="homefeatured"]/li[${data}]/div/div[2]/h5/a</arg>
<doc>Waits until the element ``locator`` is visible.</doc>
<status status="PASS" starttime="20220320 20:42:46.129" endtime="20220320 20:42:47.221"/>
</kw>
<kw name="Get Text" library="SeleniumLibrary">
<var>${textTitle}</var>
<arg>xpath=//*[@id="homefeatured"]/li[${data}]/div/div[2]/h5/a</arg>
<doc>Returns the text value of the element identified by ``locator``.</doc>
<msg timestamp="20220320 20:42:47.662" level="INFO">${textTitle} = Printed Summer Dress</msg>
<status status="PASS" starttime="20220320 20:42:47.221" endtime="20220320 20:42:47.662"/>
</kw>
<kw name="Mouse Over" library="SeleniumLibrary">
<arg>xpath=//*[@id="homefeatured"]/li[${data}]/div/div[1]/div/a[1]/img</arg>
<doc>Simulates hovering the mouse over the element ``locator``.</doc>
<msg timestamp="20220320 20:42:47.663" level="INFO">Simulating Mouse Over on element 'xpath=//*[@id="homefeatured"]/li[6]/div/div[1]/div/a[1]/img'.</msg>
<status status="PASS" starttime="20220320 20:42:47.662" endtime="20220320 20:42:48.353"/>
</kw>
<kw name="Click Element" library="SeleniumLibrary">
<arg>xpath=//*[@id="homefeatured"]/li[${data}]/div/div[1]/div/a[2]</arg>
<doc>Click the element identified by ``locator``.</doc>
<msg timestamp="20220320 20:42:48.354" level="INFO">Clicking element 'xpath=//*[@id="homefeatured"]/li[6]/div/div[1]/div/a[2]'.</msg>
<status status="PASS" starttime="20220320 20:42:48.353" endtime="20220320 20:42:48.843"/>
</kw>
<kw name="Select Frame" library="SeleniumLibrary">
<arg>xpath=/html/body/div[2]/div/div/div/div/iframe</arg>
<doc>Sets frame identified by ``locator`` as the current frame.</doc>
<msg timestamp="20220320 20:42:48.844" level="INFO">Selecting frame 'xpath=/html/body/div[2]/div/div/div/div/iframe'.</msg>
<status status="PASS" starttime="20220320 20:42:48.843" endtime="20220320 20:42:50.267"/>
</kw>
<kw name="Wait Until Element Is Visible" library="SeleniumLibrary">
<arg>xpath=//*[@id="product"]/div/div/div[2]/h1</arg>
<doc>Waits until the element ``locator`` is visible.</doc>
<status status="PASS" starttime="20220320 20:42:50.267" endtime="20220320 20:42:50.712"/>
</kw>
<kw name="Element Text Should Be" library="SeleniumLibrary">
<arg>xpath=//*[@id="product"]/div/div/div[2]/h1</arg>
<arg>${textTitle}</arg>
<doc>Verifies that element ``locator`` contains exact the text ``expected``.</doc>
<msg timestamp="20220320 20:42:50.713" level="INFO">Verifying element 'xpath=//*[@id="product"]/div/div/div[2]/h1' contains exact text 'Printed Summer Dress'.</msg>
<status status="PASS" starttime="20220320 20:42:50.712" endtime="20220320 20:42:51.155"/>
</kw>
<kw name="Unselect Frame" library="SeleniumLibrary">
<doc>Sets the main frame as the current frame.</doc>
<status status="PASS" starttime="20220320 20:42:51.155" endtime="20220320 20:42:51.360"/>
</kw>
<kw name="Click Element" library="SeleniumLibrary">
<arg>xpath=//*[@id="index"]/div[2]/div/div/a</arg>
<doc>Click the element identified by ``locator``.</doc>
<msg timestamp="20220320 20:42:51.361" level="INFO">Clicking element 'xpath=//*[@id="index"]/div[2]/div/div/a'.</msg>
<status status="PASS" starttime="20220320 20:42:51.360" endtime="20220320 20:42:51.816"/>
</kw>
<status status="PASS" starttime="20220320 20:42:46.129" endtime="20220320 20:42:51.816"/>
</iter>
<iter>
<var name="${data}">7</var>
<kw name="Wait Until Element Is Visible" library="SeleniumLibrary">
<arg>xpath=//*[@id="homefeatured"]/li[${data}]/div/div[2]/h5/a</arg>
<doc>Waits until the element ``locator`` is visible.</doc>
<status status="PASS" starttime="20220320 20:42:51.816" endtime="20220320 20:42:52.898"/>
</kw>
<kw name="Get Text" library="SeleniumLibrary">
<var>${textTitle}</var>
<arg>xpath=//*[@id="homefeatured"]/li[${data}]/div/div[2]/h5/a</arg>
<doc>Returns the text value of the element identified by ``locator``.</doc>
<msg timestamp="20220320 20:42:53.325" level="INFO">${textTitle} = Printed Chiffon Dress</msg>
<status status="PASS" starttime="20220320 20:42:52.898" endtime="20220320 20:42:53.325"/>
</kw>
<kw name="Mouse Over" library="SeleniumLibrary">
<arg>xpath=//*[@id="homefeatured"]/li[${data}]/div/div[1]/div/a[1]/img</arg>
<doc>Simulates hovering the mouse over the element ``locator``.</doc>
<msg timestamp="20220320 20:42:53.326" level="INFO">Simulating Mouse Over on element 'xpath=//*[@id="homefeatured"]/li[7]/div/div[1]/div/a[1]/img'.</msg>
<status status="PASS" starttime="20220320 20:42:53.325" endtime="20220320 20:42:54.021"/>
</kw>
<kw name="Click Element" library="SeleniumLibrary">
<arg>xpath=//*[@id="homefeatured"]/li[${data}]/div/div[1]/div/a[2]</arg>
<doc>Click the element identified by ``locator``.</doc>
<msg timestamp="20220320 20:42:54.022" level="INFO">Clicking element 'xpath=//*[@id="homefeatured"]/li[7]/div/div[1]/div/a[2]'.</msg>
<status status="PASS" starttime="20220320 20:42:54.021" endtime="20220320 20:42:54.512"/>
</kw>
<kw name="Select Frame" library="SeleniumLibrary">
<arg>xpath=/html/body/div[2]/div/div/div/div/iframe</arg>
<doc>Sets frame identified by ``locator`` as the current frame.</doc>
<msg timestamp="20220320 20:42:54.513" level="INFO">Selecting frame 'xpath=/html/body/div[2]/div/div/div/div/iframe'.</msg>
<status status="PASS" starttime="20220320 20:42:54.512" endtime="20220320 20:42:56.257"/>
</kw>
<kw name="Wait Until Element Is Visible" library="SeleniumLibrary">
<arg>xpath=//*[@id="product"]/div/div/div[2]/h1</arg>
<doc>Waits until the element ``locator`` is visible.</doc>
<status status="PASS" starttime="20220320 20:42:56.257" endtime="20220320 20:42:56.702"/>
</kw>
<kw name="Element Text Should Be" library="SeleniumLibrary">
<arg>xpath=//*[@id="product"]/div/div/div[2]/h1</arg>
<arg>${textTitle}</arg>
<doc>Verifies that element ``locator`` contains exact the text ``expected``.</doc>
<msg timestamp="20220320 20:42:56.703" level="INFO">Verifying element 'xpath=//*[@id="product"]/div/div/div[2]/h1' contains exact text 'Printed Chiffon Dress'.</msg>
<status status="PASS" starttime="20220320 20:42:56.702" endtime="20220320 20:42:57.145"/>
</kw>
<kw name="Unselect Frame" library="SeleniumLibrary">
<doc>Sets the main frame as the current frame.</doc>
<status status="PASS" starttime="20220320 20:42:57.145" endtime="20220320 20:42:57.351"/>
</kw>
<kw name="Click Element" library="SeleniumLibrary">
<arg>xpath=//*[@id="index"]/div[2]/div/div/a</arg>
<doc>Click the element identified by ``locator``.</doc>
<msg timestamp="20220320 20:42:57.352" level="INFO">Clicking element 'xpath=//*[@id="index"]/div[2]/div/div/a'.</msg>
<status status="PASS" starttime="20220320 20:42:57.352" endtime="20220320 20:42:57.825"/>
</kw>
<status status="PASS" starttime="20220320 20:42:51.816" endtime="20220320 20:42:57.825"/>
</iter>
<status status="PASS" starttime="20220320 20:42:17.833" endtime="20220320 20:42:57.825"/>
</for>
<kw name="close Homepage" library="resources" type="TEARDOWN">
<kw name="Close Browser" library="SeleniumLibrary">
<doc>Closes the current browser.</doc>
<status status="PASS" starttime="20220320 20:42:57.826" endtime="20220320 20:43:01.534"/>
</kw>
<status status="PASS" starttime="20220320 20:42:57.825" endtime="20220320 20:43:01.534"/>
</kw>
<tag>segundocaso</tag>
<status status="PASS" starttime="20220320 20:42:12.186" endtime="20220320 20:43:01.535"/>
</test>
<status status="PASS" starttime="20220320 20:41:26.381" endtime="20220320 20:43:01.536"/>
</suite>
<statistics>
<total>
<stat pass="2" fail="0" skip="0">All Tests</stat>
</total>
<tag>
<stat pass="1" fail="0" skip="0">primercaso</stat>
<stat pass="1" fail="0" skip="0">segundocaso</stat>
</tag>
<suite>
<stat pass="2" fail="0" skip="0" id="s1" name="practicaAutomatizacion">practicaAutomatizacion</stat>
</suite>
</statistics>
<errors>
</errors>
</robot>
